#
# There is insufficient memory for the Java Runtime Environment to continue.
# Native memory allocation (mmap) failed to map 132120576 bytes for G1 virtual space
# Possible reasons:
#   The system is out of physical RAM or swap space
#   The process is running with CompressedOops enabled, and the Java Heap may be blocking the growth of the native heap
# Possible solutions:
#   Reduce memory load on the system
#   Increase physical memory or swap space
#   Check if swap backing store is full
#   Decrease Java heap size (-Xmx/-Xms)
#   Decrease number of Java threads
#   Decrease Java thread stack sizes (-Xss)
#   Set larger code cache with -XX:ReservedCodeCacheSize=
#   JVM is running with Unscaled Compressed Oops mode in which the Java heap is
#     placed in the first 4GB address space. The Java Heap base address is the
#     maximum limit for the native heap growth. Please use -XX:HeapBaseMinAddress
#     to set the Java Heap base and to place the Java Heap above 4GB virtual address.
# This output file may be truncated or incomplete.
#
#  Out of Memory Error (os_windows.cpp:3600), pid=14216, tid=23112
#
# JRE version:  (21.0.1+12) (build )
# Java VM: Java HotSpot(TM) 64-Bit Server VM (21.0.1+12-LTS-29, mixed mode, sharing, tiered, compressed oops, compressed class ptrs, g1 gc, windows-amd64)
# No core dump will be written. Minidumps are not enabled by default on client versions of Windows
#

---------------  S U M M A R Y ------------

Command Line: -XX:+ShowCodeDetailsInExceptionMessages ResumeGenerator

Host: Intel(R) Core(TM) i5-6300U CPU @ 2.40GHz, 4 cores, 7G,  Windows 10 , 64 bit Build 19041 (10.0.19041.4957)
Time: Fri Nov  8 12:57:03 2024 India Standard Time elapsed time: 0.030763 seconds (0d 0h 0m 0s)

---------------  T H R E A D  ---------------

Current thread (0x000002c6640fb890):  JavaThread "Unknown thread" [_thread_in_vm, id=23112, stack(0x000000fd04100000,0x000000fd04200000) (1024K)]

Stack: [0x000000fd04100000,0x000000fd04200000]
Native frames: (J=compiled Java code, j=interpreted, Vv=VM code, C=native code)
V  [jvm.dll+0x6c9029]
V  [jvm.dll+0x854b81]
V  [jvm.dll+0x856e5e]
V  [jvm.dll+0x857543]
V  [jvm.dll+0x280c06]
V  [jvm.dll+0x6c5715]
V  [jvm.dll+0x6ba10a]
V  [jvm.dll+0x3557ea]
V  [jvm.dll+0x35d436]
V  [jvm.dll+0x3ae1be]
V  [jvm.dll+0x3ae468]
V  [jvm.dll+0x3291fc]
V  [jvm.dll+0x329d8b]
V  [jvm.dll+0x81d179]
V  [jvm.dll+0x3bb4f1]
V  [jvm.dll+0x805ae8]
V  [jvm.dll+0x44effe]
V  [jvm.dll+0x450901]
C  [jli.dll+0x52a3]
C  [ucrtbase.dll+0x21bb2]
C  [KERNEL32.DLL+0x17374]
C  [ntdll.dll+0x4cc91]


---------------  P R O C E S S  ---------------

Threads class SMR info:
_java_thread_list=0x00007fff44f19b88, length=0, elements={
}

Java Threads: ( => current thread )
Total: 0

Other Threads:
  0x000002c66435d010 WorkerThread "GC Thread#0"                     [id=23632, stack(0x000000fd04200000,0x000000fd04300000) (1024K)]
  0x000002c66436d9f0 ConcurrentGCThread "G1 Main Marker"            [id=16336, stack(0x000000fd04300000,0x000000fd04400000) (1024K)]
  0x000002c66436eba0 WorkerThread "G1 Conc#0"                       [id=10128, stack(0x000000fd04400000,0x000000fd04500000) (1024K)]

[error occurred during error reporting (printing all threads), id 0xc0000005, EXCEPTION_ACCESS_VIOLATION (0xc0000005) at pc=0x00007fff4468c2c7]
VM state: not at safepoint (not fully initialized)

VM Mutex/Monitor currently owned by a thread:  ([mutex/lock_event])
[0x00007fff44f8a6f8] Heap_lock - owner thread: 0x000002c6640fb890

Heap address: 0x0000000083600000, size: 1994 MB, Compressed Oops mode: 32-bit

CDS archive(s) mapped at: [0x0000000000000000-0x0000000000000000-0x0000000000000000), size 0, SharedBaseAddress: 0x0000000800000000, ArchiveRelocationMode: 1.
Narrow klass base: 0x0000000000000000, Narrow klass shift: 0, Narrow klass range: 0x0

GC Precious Log:
 CardTable entry size: 512
 Card Set container configuration: InlinePtr #cards 5 size 8 Array Of Cards #cards 12 size 40 Howl #buckets 4 coarsen threshold 1843 Howl Bitmap #cards 512 size 80 coarsen threshold 460 Card regions per heap region 1 cards per card region 2048

Heap:
 garbage-first heap   total 0K, used 0K [0x0000000083600000, 0x0000000100000000)
  region size 1024K, 0 young (0K), 0 survivors (0K)

[error occurred during error reporting (printing heap information), id 0xc0000005, EXCEPTION_ACCESS_VIOLATION (0xc0000005) at pc=0x00007fff44a71be9]
GC Heap History (0 events):
No events

Dll operation events (1 events):
Event: 0.019 Loaded shared library C:\Program Files\Java\jdk-21\bin\java.dll

Deoptimization events (0 events):
No events

Classes loaded (0 events):
No events

Classes unloaded (0 events):
No events

Classes redefined (0 events):
No events

Internal exceptions (0 events):
No events

ZGC Phase Switch (0 events):
No events

VM Operations (0 events):
No events

Events (0 events):
No events


Dynamic libraries:
0x00007ff68d6b0000 - 0x00007ff68d6c0000 	C:\Program Files\Java\jdk-21\bin\java.exe
0x00007fffba2b0000 - 0x00007fffba4a8000 	C:\Windows\SYSTEM32\ntdll.dll
0x00007fffb8be0000 - 0x00007fffb8ca2000 	C:\Windows\System32\KERNEL32.DLL
0x00007fffb7950000 - 0x00007fffb7c4e000 	C:\Windows\System32\KERNELBASE.dll
0x00007fffb7f20000 - 0x00007fffb8020000 	C:\Windows\System32\ucrtbase.dll
0x00007fffac190000 - 0x00007fffac1a9000 	C:\Program Files\Java\jdk-21\bin\jli.dll
0x00007fffb9210000 - 0x00007fffb92c2000 	C:\Windows\System32\ADVAPI32.dll
0x00007fffb8940000 - 0x00007fffb89de000 	C:\Windows\System32\msvcrt.dll
0x00007fffb8dc0000 - 0x00007fffb8e60000 	C:\Windows\System32\sechost.dll
0x00007fffac1b0000 - 0x00007fffac1cb000 	C:\Program Files\Java\jdk-21\bin\VCRUNTIME140.dll
0x00007fffb89e0000 - 0x00007fffb8b03000 	C:\Windows\System32\RPCRT4.dll
0x00007fffb7c50000 - 0x00007fffb7c77000 	C:\Windows\System32\bcrypt.dll
0x00007fffb87a0000 - 0x00007fffb893d000 	C:\Windows\System32\USER32.dll
0x00007fffb7de0000 - 0x00007fffb7e02000 	C:\Windows\System32\win32u.dll
0x00007fffb8cc0000 - 0x00007fffb8ceb000 	C:\Windows\System32\GDI32.dll
0x00007fffb80d0000 - 0x00007fffb81e7000 	C:\Windows\System32\gdi32full.dll
0x00007fffb7e10000 - 0x00007fffb7ead000 	C:\Windows\System32\msvcp_win.dll
0x00007fff94e60000 - 0x00007fff950fa000 	C:\Windows\WinSxS\amd64_microsoft.windows.common-controls_6595b64144ccf1df_6.0.19041.4355_none_60b8b9eb71f62e16\COMCTL32.dll
0x00007fffaa0f0000 - 0x00007fffaa0fa000 	C:\Windows\SYSTEM32\VERSION.dll
0x00007fffb91e0000 - 0x00007fffb920f000 	C:\Windows\System32\IMM32.DLL
0x00007fffae620000 - 0x00007fffae62c000 	C:\Program Files\Java\jdk-21\bin\vcruntime140_1.dll
0x00007fff76b60000 - 0x00007fff76bee000 	C:\Program Files\Java\jdk-21\bin\msvcp140.dll
0x00007fff44350000 - 0x00007fff45065000 	C:\Program Files\Java\jdk-21\bin\server\jvm.dll
0x00007fffb8b10000 - 0x00007fffb8b7b000 	C:\Windows\System32\WS2_32.dll
0x00007fffb77b0000 - 0x00007fffb77fb000 	C:\Windows\SYSTEM32\POWRPROF.dll
0x00007fffa35a0000 - 0x00007fffa35c7000 	C:\Windows\SYSTEM32\WINMM.dll
0x00007fffb7790000 - 0x00007fffb77a2000 	C:\Windows\SYSTEM32\UMPDC.dll
0x00007fffb6170000 - 0x00007fffb6182000 	C:\Windows\SYSTEM32\kernel.appcore.dll
0x00007fffae5e0000 - 0x00007fffae5ea000 	C:\Program Files\Java\jdk-21\bin\jimage.dll
0x00007fffb5f50000 - 0x00007fffb6134000 	C:\Windows\SYSTEM32\DBGHELP.DLL
0x00007fff9b910000 - 0x00007fff9b944000 	C:\Windows\SYSTEM32\dbgcore.DLL
0x00007fffb81f0000 - 0x00007fffb8272000 	C:\Windows\System32\bcryptPrimitives.dll
0x00007fffa5430000 - 0x00007fffa544f000 	C:\Program Files\Java\jdk-21\bin\java.dll

dbghelp: loaded successfully - version: 4.0.5 - missing functions: none
symbol engine: initialized successfully - sym options: 0x614 - pdb path: .;C:\Program Files\Java\jdk-21\bin;C:\Windows\SYSTEM32;C:\Windows\WinSxS\amd64_microsoft.windows.common-controls_6595b64144ccf1df_6.0.19041.4355_none_60b8b9eb71f62e16;C:\Program Files\Java\jdk-21\bin\server

VM Arguments:
jvm_args: -XX:+ShowCodeDetailsInExceptionMessages 
java_command: ResumeGenerator
java_class_path (initial): C:\Users\Hp\AppData\Roaming\Code\User\workspaceStorage\6d8e0f85e23afca0e80d7fe14c22247e\redhat.java\jdt_ws\JobSeeker_a695bd5c\bin;c:\Users\Hp\OneDrive\Desktop\mysql-connector-java-8.0.29.jar;c:\Users\Hp\Downloads\itextpdf-5.5.13.3.jar;c:\itextpdf-5.5.9.jar;c:\Users\Hp\Downloads\pdfbox-3.0.3.jar
Launcher Type: SUN_STANDARD

[Global flags]
     intx CICompilerCount                          = 3                                         {product} {ergonomic}
     uint ConcGCThreads                            = 1                                         {product} {ergonomic}
     uint G1ConcRefinementThreads                  = 4                                         {product} {ergonomic}
   size_t G1HeapRegionSize                         = 1048576                                   {product} {ergonomic}
    uintx GCDrainStackTargetSize                   = 64                                        {product} {ergonomic}
   size_t InitialHeapSize                          = 132120576                                 {product} {ergonomic}
   size_t MarkStackSize                            = 4194304                                   {product} {ergonomic}
   size_t MaxHeapSize                              = 2090860544                                {product} {ergonomic}
   size_t MinHeapDeltaBytes                        = 1048576                                   {product} {ergonomic}
   size_t MinHeapSize                              = 8388608                                   {product} {ergonomic}
    uintx NonNMethodCodeHeapSize                   = 5832780                                {pd product} {ergonomic}
    uintx NonProfiledCodeHeapSize                  = 122912730                              {pd product} {ergonomic}
    uintx ProfiledCodeHeapSize                     = 122912730                              {pd product} {ergonomic}
    uintx ReservedCodeCacheSize                    = 251658240                              {pd product} {ergonomic}
     bool SegmentedCodeCache                       = true                                      {product} {ergonomic}
     bool ShowCodeDetailsInExceptionMessages       = true                                   {manageable} {command line}
   size_t SoftMaxHeapSize                          = 2090860544                             {manageable} {ergonomic}
     bool UseCompressedOops                        = true                           {product lp64_product} {ergonomic}
     bool UseG1GC                                  = true                                      {product} {ergonomic}
     bool UseLargePagesIndividualAllocation        = false                                  {pd product} {ergonomic}

Logging:
Log output configuration:
 #0: stdout all=warning uptime,level,tags foldmultilines=false
 #1: stderr all=off uptime,level,tags foldmultilines=false

Environment Variables:
PATH=C:\Python312\Scripts\;C:\Python312\;C:\Program Files\Common Files\Oracle\Java\javapath;C:\Windows\system32;C:\Windows;C:\Windows\System32\Wbem;C:\Windows\System32\WindowsPowerShell\v1.0\;C:\Windows\System32\OpenSSH\;C:\Program Files\Java\jdk-21\bin;C:\Program Files\Git\cmd;C:\Program Files\MySQL\MySQL Shell 8.0\bin\;C:\Users\Hp\AppData\Local\Microsoft\WindowsApps;C:\Program Files\Java\jdk-17\bin;C:\Users\Hp\AppData\Local\Programs\Microsoft VS Code\bin;C:\Program Files\Java\jdk-21\bin;
USERNAME=Hp
LANG=en_US.UTF-8
OS=Windows_NT
PROCESSOR_IDENTIFIER=Intel64 Family 6 Model 78 Stepping 3, GenuineIntel
TMP=C:\Users\Hp\AppData\Local\Temp
TEMP=C:\Users\Hp\AppData\Local\Temp




Periodic native trim disabled

---------------  S Y S T E M  ---------------

OS:
 Windows 10 , 64 bit Build 19041 (10.0.19041.4957)
OS uptime: 1 days 13:49 hours

CPU: total 4 (initial active 4) (2 cores per cpu, 2 threads per core) family 6 model 78 stepping 3 microcode 0xf0, cx8, cmov, fxsr, ht, mmx, 3dnowpref, sse, sse2, sse3, ssse3, sse4.1, sse4.2, popcnt, lzcnt, tsc, tscinvbit, avx, avx2, aes, erms, clmul, bmi1, bmi2, rtm, adx, fma, vzeroupper, clflush, clflushopt, rdtscp, f16c
Processor Information for all 4 processors :
  Max Mhz: 2496, Current Mhz: 2396, Mhz Limit: 2396

Memory: 4k page, system-wide physical 7975M (1065M free)
TotalPageFile size 20697M (AvailPageFile size 81M)
current process WorkingSet (physical memory assigned to process): 10M, peak: 10M
current process commit charge ("private bytes"): 51M, peak: 177M

vm_info: Java HotSpot(TM) 64-Bit Server VM (21.0.1+12-LTS-29) for windows-amd64 JRE (21.0.1+12-LTS-29), built on 2023-10-05T13:27:09Z by "mach5one" with MS VC++ 17.1 (VS2022)

END.
